2019-11-14 11:33:39,443 - G:/pythonProject2019/RentingMS/setup.py[line:61] - INFO: 合租房源天河小区1栋8单元27楼1号5号成功签约王智鑫租客签约,签约手机:18948782483
2019-11-14 11:33:42,505 - G:/pythonProject2019/RentingMS/setup.py[line:61] - INFO: 合租房源天河小区1栋8单元27楼1号4号等待签约王智鑫租客签约,签约手机:18948782483
2019-11-14 11:33:44,416 - G:/pythonProject2019/RentingMS/setup.py[line:61] - INFO: 回调成功,原流水ID:61220191114111139905,金额:1500.0元
2019-11-14 13:42:08,826 - G:/pythonProject2019/RentingMS/setup.py[line:61] - INFO: 租客王智鑫18948782483(天河小区1栋8单元27楼1号5号)成功调起微信支付接口,#租金1笔账单共1500元,账单ID:13069,房源类型:分散式房源,租房类型:合租
2019-11-14 13:42:18,186 - G:/pythonProject2019/RentingMS/setup.py[line:61] - INFO: 回调成功,原流水ID:6122019111413111574,金额:1500.0元
2019-11-14 13:42:21,009 - G:/pythonProject2019/RentingMS/setup.py[line:61] - INFO: 回调重复,返回失败,原流水ID:6122019111413111574,金额:1500.0元
2019-11-14 13:42:23,891 - G:/pythonProject2019/RentingMS/setup.py[line:61] - INFO: 回调重复,返回失败,原流水ID:6122019111413111574,金额:1500.0元
2019-11-14 13:42:34,066 - G:/pythonProject2019/RentingMS/setup.py[line:61] - INFO: 租客王智鑫18948782483(天河小区1栋8单元27楼1号5号)成功调起微信支付接口,#租金1笔账单共1500元,账单ID:13069,房源类型:分散式房源,租房类型:合租
2019-11-14 13:44:55,872 - G:/pythonProject2019/RentingMS/setup.py[line:61] - INFO: 租客王智鑫18948782483(天河小区1栋8单元27楼1号5号)成功调起微信支付接口,#租金1笔账单共1500元,账单ID:13069,房源类型:分散式房源,租房类型:合租,流水ID:17040
2019-11-14 13:45:36,750 - G:/pythonProject2019/RentingMS/setup.py[line:61] - INFO: 租客王智鑫18948782483(天河小区1栋8单元27楼1号5号)成功调起微信支付接口,#租金1笔账单共1500元,账单ID:13069,房源类型:分散式房源,租房类型:合租,流水ID:61220191114131143812
2019-11-14 13:45:42,199 - G:/pythonProject2019/RentingMS/setup.py[line:61] - INFO: 回调成功,原流水ID:61220191114131143812,金额:1500.0元
2019-11-14 13:57:32,728 - G:/pythonProject2019/RentingMS/setup.py[line:61] - INFO: 租客王智鑫18948782483(天河小区1栋8单元27楼1号5号)成功调起微信支付接口,#租金1笔账单共1500元,账单ID:13069,房源类型:分散式房源,租房类型:合租,流水ID:61220191114131139514
2019-11-14 13:57:38,582 - G:/pythonProject2019/RentingMS/setup.py[line:61] - INFO: tuple index out of range
2019-11-14 14:02:31,470 - G:/pythonProject2019/RentingMS/setup.py[line:61] - INFO: 租客王智鑫18948782483(天河小区1栋8单元27楼1号5号)成功调起微信支付接口,#租金1笔账单共1500元,账单ID:13069,房源类型:分散式房源,租房类型:合租,流水ID:61220191114141138913
2019-11-14 14:02:35,580 - G:/pythonProject2019/RentingMS/setup.py[line:61] - INFO: 回调成功,房源类型:,房源为:天河小区1栋8单元27楼1号5号,成功调起微信支付接口,#租金1笔账单共1500.0元,账单ID:13069,流水ID:61220191114141138913
2019-11-14 14:04:16,405 - G:/pythonProject2019/RentingMS/setup.py[line:61] - INFO: 租客王智鑫18948782483(天河小区1栋8单元27楼1号5号)成功调起微信支付接口,#租金1笔账单共1500元,账单ID:13069,房源类型:分散式房源,租房类型:合租,流水ID:61220191114141123500
2019-11-14 14:04:20,458 - G:/pythonProject2019/RentingMS/setup.py[line:61] - INFO: 回调成功,房源类型:合租,房源为:天河小区1栋8单元27楼1号5号,成功调起微信支付接口,#租金1笔账单共1500.0元,账单ID:13069,流水ID:61220191114141123500
2019-11-14 14:04:25,900 - G:/pythonProject2019/RentingMS/setup.py[line:61] - INFO: 回调成功,房源类型:整租,房源为:笔架山庄10栋2单元2楼7号,成功调起微信支付接口,#租金1笔账单共1500.0元,账单ID:12874,流水ID:61220191114101107682
2019-11-14 14:09:48,466 - G:/pythonProject2019/RentingMS/setup.py[line:61] - INFO: 租客王智鑫18948782483(天河小区1栋8单元27楼1号5号)成功调起微信支付接口,#租金1笔账单共1500元,账单ID:13069,房源类型:分散式房源,租房类型:合租,流水ID:61220191114141155392
2019-11-14 14:09:54,913 - G:/pythonProject2019/RentingMS/setup.py[line:61] - INFO: 回调成功,租客王智鑫18948782483,房源类型合租,房源为天河小区1栋8单元27楼1号5号,成功调起微信支付接口,#租金1笔账单共1500.0元,账单ID:13069,流水ID:61220191114141155392
2019-11-14 14:10:35,962 - G:/pythonProject2019/RentingMS/setup.py[line:61] - INFO: 租客王智鑫18948782483(天河小区1栋8单元27楼1号5号)成功调起微信支付接口,#租金1笔账单共1500元,账单ID:13069,房源类型:分散式房源,租房类型:合租,流水ID:6122019111414114285
2019-11-14 14:10:43,501 - G:/pythonProject2019/RentingMS/setup.py[line:61] - INFO: 回调成功,租客王智鑫18948782483,房源类型合租,房源为天河小区1栋8单元27楼1号5号,账单共1500.0元,账单ID:13069,流水ID:6122019111414114285
2019-11-14 14:11:56,903 - G:/pythonProject2019/RentingMS/setup.py[line:61] - INFO: 租客王智鑫18948782483(天河小区1栋8单元27楼1号5号)成功调起微信支付接口,#租金1笔账单共1500元,账单ID:13069,房源类型:分散式房源,租房类型:合租,流水ID:6122019111414110362
2019-11-14 14:12:00,113 - G:/pythonProject2019/RentingMS/setup.py[line:61] - INFO: 回调成功,租客王智鑫18948782483,房源类型合租,房源为天河小区1栋8单元27楼1号5号,账单共1500.0元,账单ID:13069,流水ID:6122019111414110362
2019-11-14 14:12:02,436 - G:/pythonProject2019/RentingMS/setup.py[line:61] - INFO: 回调重复,返回失败,租客王智鑫18948782483,房源类型合租,房源为天河小区1栋8单元27楼1号5号,账单共1500.0元,账单ID:13069,流水ID:6122019111414110362
2019-11-14 14:12:05,954 - G:/pythonProject2019/RentingMS/setup.py[line:61] - INFO: 回调重复,返回失败,租客王智鑫18948782483,房源类型合租,房源为天河小区1栋8单元27楼1号5号,账单共1500.0元,账单ID:13069,流水ID:6122019111414110362
2019-11-14 14:23:12,853 - setup.py[line:61] - INFO: uu区信息补全完成请重新点击PC端页面委托上架,房源ID:10200
